[10:15:05] [main/WARN] (FabricLoader/Knot) Class path entries reference missing files: C:\Users\glitc\OneDrive\Desktop\decompiled-euphorics-1.3.3\build\classes\java\main, C:\Users\glitc\OneDrive\Desktop\decompiled-euphorics-1.3.3\build\resources\main - the game may not load properly!
[10:15:05] [main/INFO] (FabricLoader/GameProvider) Loading Minecraft 1.19.2 with Fabric Loader 0.18.1
[10:15:06] [main/INFO] (FabricLoader) Loading 51 mods:
	- cardinal-components-base 5.0.2
	- cardinal-components-entity 5.0.2
	- fabric-api 0.77.0+1.19.2
	- fabric-api-base 0.4.15+8f4e8eb390
	- fabric-api-lookup-api-v1 1.6.14+93d8cb8290
	- fabric-biome-api-v1 9.1.1+16f1e31390
	- fabric-block-api-v1 1.0.2+e415d50e90
	- fabric-blockrenderlayer-v1 1.1.25+cafc6e8e90
	- fabric-client-tags-api-v1 1.0.5+b35fea8390
	- fabric-command-api-v2 2.2.1+413cbbc790
	- fabric-content-registries-v0 3.5.2+7c6cd14d90
	- fabric-convention-tags-v1 1.3.0+4bc6e26290
	- fabric-crash-report-info-v1 0.2.8+aeb40ebe90
	- fabric-data-generation-api-v1 5.3.9+413cbbc790
	- fabric-dimensions-v1 2.1.35+0d0f210290
	- fabric-entity-events-v1 1.5.4+9244241690
	- fabric-events-interaction-v0 0.4.34+562bff6e90
	- fabric-game-rule-api-v1 1.0.24+b6b6abb490
	- fabric-gametest-api-v1 1.1.8+4d0d570390
	- fabric-item-api-v1 1.6.6+b7d1888890
	- fabric-item-groups-v0 0.3.39+9244241690
	- fabric-key-binding-api-v1 1.0.25+5c4fce2890
	- fabric-lifecycle-events-v1 2.2.4+1b46dc7890
	- fabric-loot-api-v2 1.1.13+83a8659290
	- fabric-message-api-v1 5.0.7+93d8cb8290
	- fabric-mining-level-api-v1 2.1.24+33fbc73890
	- fabric-models-v0 0.3.21+c6af733c90
	- fabric-networking-api-v1 1.2.12+def3f86d90
	- fabric-object-builder-api-v1 4.2.2+d8ef690890
	- fabric-particles-v1 1.1.0+ee641e7390
	- fabric-recipe-api-v1 1.0.2+413cbbc790
	- fabric-registry-sync-v0 0.9.33+9244241690
	- fabric-renderer-api-v1 1.2.1+1adbf27790
	- fabric-renderer-indigo 0.8.0+1adbf27790
	- fabric-rendering-data-attachment-v1 0.3.19+6e0787e690
	- fabric-rendering-fluids-v1 3.0.11+4d0d570390
	- fabric-rendering-v1 1.13.0+526f2c6790
	- fabric-resource-conditions-api-v1 2.1.2+aae9039d90
	- fabric-resource-loader-v0 0.8.4+edbdcddb90
	- fabric-screen-api-v1 1.0.32+4d0d570390
	- fabric-screen-handler-api-v1 1.3.8+1cc24b1b90
	- fabric-sound-api-v1 1.0.2+c4f28df590
	- fabric-textures-v0 1.0.24+aeb40ebe90
	- fabric-transfer-api-v1 2.1.6+413cbbc790
	- fabric-transitive-access-wideners-v1 1.3.3+08b73de490
	- fabricloader 0.18.1
	- geckolib3 3.1.40
	- java 23
	- minecraft 1.19.2
	- mixinextras 0.5.0
	- satin 1.9.0
[10:15:06] [main/INFO] (FabricLoader/Mixin) SpongePowered MIXIN Subsystem Version=0.8.7 Source=file:/C:/Users/glitc/.gradle/caches/modules-2/files-2.1/net.fabricmc/sponge-mixin/0.16.5+mixin.0.8.7/80fc3a9f592673cea87f4cd702f87991c6c9fe4d/sponge-mixin-0.16.5+mixin.0.8.7.jar Service=Knot/Fabric Env=CLIENT
[10:15:06] [main/INFO] (FabricLoader/Mixin) Loaded Fabric development mappings for mixin remapper!
[10:15:06] [main/INFO] (FabricLoader/Mixin) Compatibility level set to JAVA_16
[10:15:06] [main/INFO] (FabricLoader/Mixin) Compatibility level set to JAVA_17
[10:15:08] [main/INFO] (FabricLoader/MixinExtras|Service) Initializing MixinExtras via com.llamalad7.mixinextras.service.MixinExtrasServiceImpl(version=0.5.0).
[10:15:14] [main/INFO] (Minecraft) Building optimized datafixer
[10:15:17] [Render thread/INFO] (Minecraft) [STDERR]: [LWJGL] [ThreadLocalUtil] Unsupported JNI version detected, this may result in a crash. Please inform LWJGL developers.
[10:15:18] [Render thread/INFO] (Minecraft) Environment: authHost='https://authserver.mojang.com', accountsHost='https://api.mojang.com', sessionHost='https://sessionserver.mojang.com', servicesHost='https://api.minecraftservices.com', name='PROD'
[10:15:19] [Render thread/ERROR] (Minecraft) Failed to verify authentication
com.mojang.authlib.exceptions.InvalidCredentialsException: Status: 401
	at com.mojang.authlib.exceptions.MinecraftClientHttpException.toAuthenticationException(MinecraftClientHttpException.java:56) ~[authlib-3.11.49.jar:?]
	at com.mojang.authlib.yggdrasil.YggdrasilUserApiService.fetchProperties(YggdrasilUserApiService.java:155) ~[authlib-3.11.49.jar:?]
	at com.mojang.authlib.yggdrasil.YggdrasilUserApiService.<init>(YggdrasilUserApiService.java:55) ~[authlib-3.11.49.jar:?]
	at com.mojang.authlib.yggdrasil.YggdrasilAuthenticationService.createUserApiService(YggdrasilAuthenticationService.java:161) ~[authlib-3.11.49.jar:?]
	at net.minecraft.client.MinecraftClient.createUserApiService(MinecraftClient.java:711) [minecraft-merged-bbb6020840-1.19.2-net.fabricmc.yarn.1_19_2.1.19.2+build.28-v2.jar:?]
	at net.minecraft.client.MinecraftClient.<init>(MinecraftClient.java:431) [minecraft-merged-bbb6020840-1.19.2-net.fabricmc.yarn.1_19_2.1.19.2+build.28-v2.jar:?]
	at net.minecraft.client.main.Main.main(Main.java:205) [minecraft-merged-bbb6020840-1.19.2-net.fabricmc.yarn.1_19_2.1.19.2+build.28-v2.jar:?]
	at net.minecraft.client.main.Main.main(Main.java:51) [minecraft-merged-bbb6020840-1.19.2-net.fabricmc.yarn.1_19_2.1.19.2+build.28-v2.jar:?]
	at net.fabricmc.loader.impl.game.minecraft.MinecraftGameProvider.launch(MinecraftGameProvider.java:514) [fabric-loader-0.18.1.jar:?]
	at net.fabricmc.loader.impl.launch.knot.Knot.launch(Knot.java:72) [fabric-loader-0.18.1.jar:?]
	at net.fabricmc.loader.impl.launch.knot.KnotClient.main(KnotClient.java:23) [fabric-loader-0.18.1.jar:?]
	at net.fabricmc.devlaunchinjector.Main.main(Main.java:86) [dev-launch-injector-0.2.1+build.8.jar:?]
Caused by: com.mojang.authlib.exceptions.MinecraftClientHttpException: Status: 401
	at com.mojang.authlib.minecraft.client.MinecraftClient.readInputStream(MinecraftClient.java:85) ~[authlib-3.11.49.jar:?]
	at com.mojang.authlib.minecraft.client.MinecraftClient.get(MinecraftClient.java:48) ~[authlib-3.11.49.jar:?]
	at com.mojang.authlib.yggdrasil.YggdrasilUserApiService.fetchProperties(YggdrasilUserApiService.java:129) ~[authlib-3.11.49.jar:?]
	... 10 more
[10:15:19] [Render thread/INFO] (Minecraft) Setting user: Player23
[10:15:19] [Render thread/ERROR] (Minecraft) No data fixer registered for geoexampleentity
[10:15:19] [Render thread/ERROR] (Minecraft) No data fixer registered for bikeentity
[10:15:19] [Render thread/ERROR] (Minecraft) No data fixer registered for carentity
[10:15:19] [Render thread/ERROR] (Minecraft) No data fixer registered for extendedrendererentity
[10:15:19] [Render thread/ERROR] (Minecraft) No data fixer registered for textureperbonetestentity
[10:15:19] [Render thread/ERROR] (Minecraft) No data fixer registered for leentity
[10:15:19] [Render thread/ERROR] (Minecraft) No data fixer registered for rocketprojectile
[10:15:20] [Render thread/INFO] (Indigo) [Indigo] Registering Indigo renderer!
[10:15:20] [Render thread/INFO] (Minecraft) Backend library: LWJGL version 3.3.2-snapshot
[10:15:25] [Worker-Main-9/ERROR] (Minecraft) Failed to retrieve profile key pair
java.io.IOException: Could not retrieve profile key pair
	at net.minecraft.client.util.ProfileKeys.fetchKeyPair(ProfileKeys.java:130) ~[minecraft-merged-bbb6020840-1.19.2-net.fabricmc.yarn.1_19_2.1.19.2+build.28-v2.jar:?]
	at net.minecraft.client.util.ProfileKeys.method_44291(ProfileKeys.java:69) ~[minecraft-merged-bbb6020840-1.19.2-net.fabricmc.yarn.1_19_2.1.19.2+build.28-v2.jar:?]
	at java.util.concurrent.CompletableFuture$AsyncSupply.run(CompletableFuture.java:1812) [?:?]
	at java.util.concurrent.CompletableFuture$AsyncSupply.exec(CompletableFuture.java:1804) [?:?]
	at java.util.concurrent.ForkJoinTask.doExec(ForkJoinTask.java:507) [?:?]
	at java.util.concurrent.ForkJoinPool$WorkQueue.topLevelExec(ForkJoinPool.java:1460) [?:?]
	at java.util.concurrent.ForkJoinPool.runWorker(ForkJoinPool.java:2036) [?:?]
	at java.util.concurrent.ForkJoinWorkerThread.run(ForkJoinWorkerThread.java:189) [?:?]
[10:15:26] [Render thread/INFO] (Minecraft) Reloading ResourceManager: Default, Fabric Mods (Fabric Rendering Data Attachment (v1), Fabric Client Tags, Fabric Models (v0), Fabric Convention Tags, Fabric Entity Events (v1), Fabric Game Test API (v1), Fabric Resource Conditions API (v1), Fabric Item Groups (v0), Fabric Data Generation API (v1), Fabric Networking API (v1), Fabric Content Registries (v0), Fabric API, Fabric BlockRenderLayer Registration (v1), Fabric Loader, Fabric Message API (v1), Fabric Events Interaction (v0), Fabric Recipe API (v1), Fabric Rendering Fluids (v1), Fabric Biome API (v1), Fabric Renderer - Indigo, Fabric Resource Loader (v0), Cardinal Components API (entities), Satin, Fabric API Base, Fabric Rendering (v1), Fabric Transfer API (v1), Fabric Sound API (v1), Fabric Command API (v2), Fabric Game Rule API (v1), Fabric API Lookup API (v1), Geckolib, Fabric Textures (v0), Fabric Key Binding API (v1), Fabric Transitive Access Wideners (v1), Fabric Object Builder API (v1), Fabric Renderer API (v1), Fabric Particles (v1), Fabric Dimensions API (v1), Fabric Screen API (v1), Fabric Block API (v1), Fabric Lifecycle Events (v1), Fabric Screen Handler API (v1), Fabric Registry Sync (v0), Fabric Item API (v1), Fabric Loot API (v2), Fabric Mining Level API (v1), Fabric Crash Report Info (v1), Cardinal Components API (base))
[10:15:27] [Worker-Main-11/INFO] (Minecraft) [STDERR]: java.lang.IndexOutOfBoundsException: Index -1 out of bounds for length 0
[10:15:27] [Worker-Main-11/INFO] (Minecraft) [STDERR]: 	at java.base/jdk.internal.util.Preconditions.outOfBounds(Preconditions.java:100)
[10:15:27] [Worker-Main-11/INFO] (Minecraft) [STDERR]: 	at java.base/jdk.internal.util.Preconditions.outOfBoundsCheckIndex(Preconditions.java:106)
[10:15:27] [Worker-Main-11/INFO] (Minecraft) [STDERR]: 	at java.base/jdk.internal.util.Preconditions.checkIndex(Preconditions.java:302)
[10:15:27] [Worker-Main-11/INFO] (Minecraft) [STDERR]: 	at java.base/java.util.Objects.checkIndex(Objects.java:365)
[10:15:27] [Worker-Main-11/INFO] (Minecraft) [STDERR]: 	at java.base/java.util.ArrayList$SubList.get(ArrayList.java:1232)
[10:15:27] [Worker-Main-11/INFO] (Minecraft) [STDERR]: 	at knot//software.bernie.shadowed.eliotlash.mclib.math.MathBuilder.parseSymbols(MathBuilder.java:306)
[10:15:27] [Worker-Main-11/INFO] (Minecraft) [STDERR]: 	at knot//software.bernie.shadowed.eliotlash.mclib.math.MathBuilder.parseSymbols(MathBuilder.java:282)
[10:15:27] [Worker-Main-11/INFO] (Minecraft) [STDERR]: 	at knot//software.bernie.shadowed.eliotlash.mclib.math.MathBuilder.createFunction(MathBuilder.java:439)
[10:15:27] [Worker-Main-11/INFO] (Minecraft) [STDERR]: 	at knot//software.bernie.shadowed.eliotlash.mclib.math.MathBuilder.parseSymbols(MathBuilder.java:266)
[10:15:27] [Worker-Main-11/INFO] (Minecraft) [STDERR]: 	at knot//software.bernie.shadowed.eliotlash.mclib.math.MathBuilder.parseSymbols(MathBuilder.java:308)
[10:15:27] [Worker-Main-11/INFO] (Minecraft) [STDERR]: 	at knot//software.bernie.shadowed.eliotlash.mclib.math.MathBuilder.parseSymbols(MathBuilder.java:283)
[10:15:27] [Worker-Main-11/INFO] (Minecraft) [STDERR]: 	at knot//software.bernie.geckolib3.core.molang.MolangParser.parseSymbolsMolang(MolangParser.java:228)
[10:15:27] [Worker-Main-11/INFO] (Minecraft) [STDERR]: 	at knot//software.bernie.geckolib3.core.molang.MolangParser.parseOneLine(MolangParser.java:216)
[10:15:27] [Worker-Main-11/INFO] (Minecraft) [STDERR]: 	at knot//software.bernie.geckolib3.core.molang.MolangParser.parseExpression(MolangParser.java:174)
[10:15:27] [Worker-Main-11/INFO] (Minecraft) [STDERR]: 	at knot//software.bernie.geckolib3.core.molang.MolangParser.parseJson(MolangParser.java:154)
[10:15:27] [Worker-Main-11/INFO] (Minecraft) [STDERR]: 	at knot//software.bernie.geckolib3.util.json.JsonKeyFrameUtils.parseExpression(JsonKeyFrameUtils.java:179)
[10:15:27] [Worker-Main-11/INFO] (Minecraft) [STDERR]: 	at knot//software.bernie.geckolib3.util.json.JsonKeyFrameUtils.convertJson(JsonKeyFrameUtils.java:57)
[10:15:27] [Worker-Main-11/INFO] (Minecraft) [STDERR]: 	at knot//software.bernie.geckolib3.util.json.JsonKeyFrameUtils.convertJsonToRotationKeyFrames(JsonKeyFrameUtils.java:173)
[10:15:27] [Worker-Main-11/INFO] (Minecraft) [STDERR]: 	at knot//software.bernie.geckolib3.util.json.JsonAnimationUtils.deserializeJsonToAnimation(JsonAnimationUtils.java:278)
[10:15:27] [Worker-Main-11/INFO] (Minecraft) [STDERR]: 	at knot//software.bernie.geckolib3.file.AnimationFileLoader.loadAllAnimations(AnimationFileLoader.java:32)
[10:15:27] [Worker-Main-11/INFO] (Minecraft) [STDERR]: 	at knot//software.bernie.geckolib3.resource.GeckoLibCache.lambda$reload$0(GeckoLibCache.java:73)
[10:15:27] [Worker-Main-11/INFO] (Minecraft) [STDERR]: 	at knot//software.bernie.geckolib3.resource.GeckoLibCache.lambda$loadResources$5(GeckoLibCache.java:91)
[10:15:27] [Worker-Main-11/INFO] (Minecraft) [STDERR]: 	at java.base/java.util.concurrent.CompletableFuture$AsyncSupply.run(CompletableFuture.java:1812)
[10:15:27] [Worker-Main-11/INFO] (Minecraft) [STDERR]: 	at java.base/java.util.concurrent.CompletableFuture$AsyncSupply.exec(CompletableFuture.java:1804)
[10:15:27] [Worker-Main-11/INFO] (Minecraft) [STDERR]: 	at java.base/java.util.concurrent.ForkJoinTask.doExec(ForkJoinTask.java:507)
[10:15:27] [Worker-Main-11/INFO] (Minecraft) [STDERR]: 	at java.base/java.util.concurrent.ForkJoinPool$WorkQueue.topLevelExec(ForkJoinPool.java:1460)
[10:15:27] [Worker-Main-11/INFO] (Minecraft) [STDERR]: 	at java.base/java.util.concurrent.ForkJoinPool.runWorker(ForkJoinPool.java:2036)
[10:15:27] [Worker-Main-11/INFO] (Minecraft) [STDERR]: 	at java.base/java.util.concurrent.ForkJoinWorkerThread.run(ForkJoinWorkerThread.java:189)
[10:15:27] [Worker-Main-11/INFO] (Minecraft) [STDERR]: java.lang.IndexOutOfBoundsException: Index -1 out of bounds for length 0
[10:15:27] [Worker-Main-11/INFO] (Minecraft) [STDERR]: 	at java.base/jdk.internal.util.Preconditions.outOfBounds(Preconditions.java:100)
[10:15:27] [Worker-Main-11/INFO] (Minecraft) [STDERR]: 	at java.base/jdk.internal.util.Preconditions.outOfBoundsCheckIndex(Preconditions.java:106)
[10:15:27] [Worker-Main-11/INFO] (Minecraft) [STDERR]: 	at java.base/jdk.internal.util.Preconditions.checkIndex(Preconditions.java:302)
[10:15:27] [Worker-Main-11/INFO] (Minecraft) [STDERR]: 	at java.base/java.util.Objects.checkIndex(Objects.java:365)
[10:15:27] [Worker-Main-11/INFO] (Minecraft) [STDERR]: 	at java.base/java.util.ArrayList$SubList.get(ArrayList.java:1232)
[10:15:27] [Worker-Main-11/INFO] (Minecraft) [STDERR]: 	at knot//software.bernie.shadowed.eliotlash.mclib.math.MathBuilder.parseSymbols(MathBuilder.java:306)
[10:15:27] [Worker-Main-11/INFO] (Minecraft) [STDERR]: 	at knot//software.bernie.shadowed.eliotlash.mclib.math.MathBuilder.parseSymbols(MathBuilder.java:282)
[10:15:27] [Worker-Main-11/INFO] (Minecraft) [STDERR]: 	at knot//software.bernie.shadowed.eliotlash.mclib.math.MathBuilder.createFunction(MathBuilder.java:439)
[10:15:27] [Worker-Main-11/INFO] (Minecraft) [STDERR]: 	at knot//software.bernie.shadowed.eliotlash.mclib.math.MathBuilder.parseSymbols(MathBuilder.java:266)
[10:15:27] [Worker-Main-11/INFO] (Minecraft) [STDERR]: 	at knot//software.bernie.shadowed.eliotlash.mclib.math.MathBuilder.parseSymbols(MathBuilder.java:308)
[10:15:27] [Worker-Main-11/INFO] (Minecraft) [STDERR]: 	at knot//software.bernie.shadowed.eliotlash.mclib.math.MathBuilder.parseSymbols(MathBuilder.java:283)
[10:15:27] [Worker-Main-11/INFO] (Minecraft) [STDERR]: 	at knot//software.bernie.geckolib3.core.molang.MolangParser.parseSymbolsMolang(MolangParser.java:228)
[10:15:27] [Worker-Main-11/INFO] (Minecraft) [STDERR]: 	at knot//software.bernie.geckolib3.core.molang.MolangParser.parseOneLine(MolangParser.java:216)
[10:15:27] [Worker-Main-11/INFO] (Minecraft) [STDERR]: 	at knot//software.bernie.geckolib3.core.molang.MolangParser.parseExpression(MolangParser.java:174)
[10:15:27] [Worker-Main-11/INFO] (Minecraft) [STDERR]: 	at knot//software.bernie.geckolib3.core.molang.MolangParser.parseJson(MolangParser.java:154)
[10:15:27] [Worker-Main-11/INFO] (Minecraft) [STDERR]: 	at knot//software.bernie.geckolib3.util.json.JsonKeyFrameUtils.parseExpression(JsonKeyFrameUtils.java:179)
[10:15:27] [Worker-Main-11/INFO] (Minecraft) [STDERR]: 	at knot//software.bernie.geckolib3.util.json.JsonKeyFrameUtils.convertJson(JsonKeyFrameUtils.java:57)
[10:15:27] [Worker-Main-11/INFO] (Minecraft) [STDERR]: 	at knot//software.bernie.geckolib3.util.json.JsonKeyFrameUtils.convertJsonToRotationKeyFrames(JsonKeyFrameUtils.java:173)
[10:15:27] [Worker-Main-11/INFO] (Minecraft) [STDERR]: 	at knot//software.bernie.geckolib3.util.json.JsonAnimationUtils.deserializeJsonToAnimation(JsonAnimationUtils.java:278)
[10:15:27] [Worker-Main-11/INFO] (Minecraft) [STDERR]: 	at knot//software.bernie.geckolib3.file.AnimationFileLoader.loadAllAnimations(AnimationFileLoader.java:32)
[10:15:27] [Worker-Main-11/INFO] (Minecraft) [STDERR]: 	at knot//software.bernie.geckolib3.resource.GeckoLibCache.lambda$reload$0(GeckoLibCache.java:73)
[10:15:27] [Worker-Main-11/INFO] (Minecraft) [STDERR]: 	at knot//software.bernie.geckolib3.resource.GeckoLibCache.lambda$loadResources$5(GeckoLibCache.java:91)
[10:15:27] [Worker-Main-11/INFO] (Minecraft) [STDERR]: 	at java.base/java.util.concurrent.CompletableFuture$AsyncSupply.run(CompletableFuture.java:1812)
[10:15:27] [Worker-Main-11/INFO] (Minecraft) [STDERR]: 	at java.base/java.util.concurrent.CompletableFuture$AsyncSupply.exec(CompletableFuture.java:1804)
[10:15:27] [Worker-Main-11/INFO] (Minecraft) [STDERR]: 	at java.base/java.util.concurrent.ForkJoinTask.doExec(ForkJoinTask.java:507)
[10:15:27] [Worker-Main-11/INFO] (Minecraft) [STDERR]: 	at java.base/java.util.concurrent.ForkJoinPool$WorkQueue.topLevelExec(ForkJoinPool.java:1460)
[10:15:27] [Worker-Main-11/INFO] (Minecraft) [STDERR]: 	at java.base/java.util.concurrent.ForkJoinPool.runWorker(ForkJoinPool.java:2036)
[10:15:27] [Worker-Main-11/INFO] (Minecraft) [STDERR]: 	at java.base/java.util.concurrent.ForkJoinWorkerThread.run(ForkJoinWorkerThread.java:189)
[10:15:27] [Realms Notification Availability checker #1/INFO] (Minecraft) Could not authorize you against Realms server: java.lang.RuntimeException: Failed to parse into SignedJWT: FabricMC
[10:15:32] [Render thread/WARN] (Minecraft) Missing sound for event: minecraft:item.goat_horn.play
[10:15:32] [Render thread/WARN] (Minecraft) Missing sound for event: minecraft:entity.goat.screaming.horn_break
[10:15:32] [Render thread/INFO] (Minecraft) OpenAL initialized on device OpenAL Soft on Speakers (Steam Streaming Speakers)
[10:15:32] [Render thread/INFO] (Minecraft) Sound engine started
[10:15:32] [Render thread/INFO] (Minecraft) Created: 1024x1024x4 minecraft:textures/atlas/blocks.png-atlas
[10:15:32] [Render thread/INFO] (Minecraft) Created: 256x128x4 minecraft:textures/atlas/signs.png-atlas
[10:15:32] [Render thread/INFO] (Minecraft) Created: 1024x512x4 minecraft:textures/atlas/banner_patterns.png-atlas
[10:15:32] [Render thread/INFO] (Minecraft) Created: 1024x512x4 minecraft:textures/atlas/shield_patterns.png-atlas
[10:15:32] [Render thread/INFO] (Minecraft) Created: 256x256x4 minecraft:textures/atlas/chest.png-atlas
[10:15:32] [Render thread/INFO] (Minecraft) Created: 512x256x4 minecraft:textures/atlas/beds.png-atlas
[10:15:32] [Render thread/INFO] (Minecraft) Created: 512x256x4 minecraft:textures/atlas/shulker_boxes.png-atlas
[10:15:33] [Render thread/WARN] (Minecraft) Shader rendertype_entity_translucent_emissive could not find sampler named Sampler2 in the specified shader program.
